<?xml version="1.0" encoding="UTF-8"?>
<!-- Generated by org.testng.reporters.JUnitReportReporter -->
<testsuite skipped="0" hostname="BM8MXJJR2" name="tests.LoginTests" tests="2" failures="0" timestamp="25 Jan 2020 09:52:00 GMT" time="93.044" errors="0">
  <testcase name="invalidLoginTest_InvalidUserNameInvalidPassword" time="58.724" classname="tests.LoginTests"/>
  <testcase name="invalidLoginTest_EmptyUserEmptyPassword" time="34.320" classname="tests.LoginTests"/>
</testsuite> <!-- tests.LoginTests -->
