<?xml version="1.0" encoding="UTF-8"?>
<!-- Generated by org.testng.reporters.JUnitReportReporter -->
<testsuite skipped="0" hostname="BM8MXJJR2" name="tests.LoginTests" tests="2" failures="0" timestamp="28 Jan 2020 04:39:27 GMT" time="35.529" errors="0">
  <testcase name="invalidLoginTest_InvalidUserNameInvalidPassword" time="18.896" classname="tests.LoginTests"/>
  <testcase name="invalidLoginTest_EmptyUserEmptyPassword" time="16.633" classname="tests.LoginTests"/>
</testsuite> <!-- tests.LoginTests -->
