<?xml version="1.0" encoding="UTF-8"?>
<!-- Generated by org.testng.reporters.JUnitReportReporter -->
<testsuite skipped="0" hostname="BM8MXJJR2" name="tests.Test1" tests="1" failures="0" timestamp="25 Jan 2020 05:49:08 GMT" time="39.971" errors="0">
  <testcase name="loginExe" time="39.971" classname="tests.Test1"/>
</testsuite> <!-- tests.Test1 -->
